{"/Users/Julien/Workspace/camp2_exercises/06_react_redux/01_es6_fundamentals/01_aquarium/01_aquarium.js": {"path":"/Users/Julien/Workspace/camp2_exercises/06_react_redux/01_es6_fundamentals/01_aquarium/01_aquarium.js","statementMap":{"0":{"start":{"line":4,"column":4},"end":{"line":4,"column":28}},"1":{"start":{"line":5,"column":4},"end":{"line":5,"column":28}},"2":{"start":{"line":8,"column":4},"end":{"line":8,"column":33}},"3":{"start":{"line":11,"column":4},"end":{"line":11,"column":34}},"4":{"start":{"line":14,"column":4},"end":{"line":30,"column":7}},"5":{"start":{"line":15,"column":6},"end":{"line":29,"column":7}},"6":{"start":{"line":17,"column":8},"end":{"line":19,"column":9}},"7":{"start":{"line":18,"column":10},"end":{"line":18,"column":28}},"8":{"start":{"line":22,"column":8},"end":{"line":28,"column":9}},"9":{"start":{"line":23,"column":10},"end":{"line":27,"column":11}},"10":{"start":{"line":24,"column":12},"end":{"line":24,"column":32}},"11":{"start":{"line":26,"column":12},"end":{"line":26,"column":30}},"12":{"start":{"line":33,"column":4},"end":{"line":33,"column":42}},"13":{"start":{"line":34,"column":4},"end":{"line":34,"column":29}},"14":{"start":{"line":35,"column":4},"end":{"line":35,"column":29}},"15":{"start":{"line":36,"column":4},"end":{"line":36,"column":51}},"16":{"start":{"line":42,"column":4},"end":{"line":42,"column":21}},"17":{"start":{"line":43,"column":4},"end":{"line":43,"column":32}},"18":{"start":{"line":44,"column":4},"end":{"line":44,"column":44}},"19":{"start":{"line":47,"column":4},"end":{"line":47,"column":47}},"20":{"start":{"line":50,"column":4},"end":{"line":50,"column":30}},"21":{"start":{"line":53,"column":4},"end":{"line":53,"column":51}},"22":{"start":{"line":56,"column":4},"end":{"line":56,"column":40}},"23":{"start":{"line":62,"column":4},"end":{"line":62,"column":35}},"24":{"start":{"line":65,"column":4},"end":{"line":69,"column":5}},"25":{"start":{"line":66,"column":6},"end":{"line":66,"column":32}},"26":{"start":{"line":68,"column":6},"end":{"line":68,"column":18}},"27":{"start":{"line":72,"column":4},"end":{"line":72,"column":32}},"28":{"start":{"line":77,"column":19},"end":{"line":77,"column":39}},"29":{"start":{"line":79,"column":14},"end":{"line":79,"column":39}},"30":{"start":{"line":80,"column":15},"end":{"line":80,"column":29}},"31":{"start":{"line":81,"column":0},"end":{"line":81,"column":28}},"32":{"start":{"line":82,"column":0},"end":{"line":82,"column":30}},"33":{"start":{"line":83,"column":0},"end":{"line":83,"column":27}},"34":{"start":{"line":85,"column":0},"end":{"line":85,"column":47}},"35":{"start":{"line":86,"column":0},"end":{"line":86,"column":25}},"36":{"start":{"line":87,"column":0},"end":{"line":87,"column":28}},"37":{"start":{"line":89,"column":0},"end":{"line":89,"column":27}},"38":{"start":{"line":91,"column":0},"end":{"line":91,"column":34}},"39":{"start":{"line":92,"column":0},"end":{"line":92,"column":25}},"40":{"start":{"line":93,"column":0},"end":{"line":93,"column":28}},"41":{"start":{"line":94,"column":0},"end":{"line":94,"column":30}},"42":{"start":{"line":95,"column":0},"end":{"line":95,"column":27}},"43":{"start":{"line":97,"column":0},"end":{"line":97,"column":34}},"44":{"start":{"line":98,"column":0},"end":{"line":98,"column":30}},"45":{"start":{"line":99,"column":0},"end":{"line":99,"column":28}},"46":{"start":{"line":100,"column":0},"end":{"line":100,"column":30}},"47":{"start":{"line":101,"column":0},"end":{"line":101,"column":27}},"48":{"start":{"line":103,"column":0},"end":{"line":103,"column":21}},"49":{"start":{"line":104,"column":0},"end":{"line":104,"column":32}},"50":{"start":{"line":105,"column":0},"end":{"line":105,"column":21}},"51":{"start":{"line":106,"column":0},"end":{"line":106,"column":32}},"52":{"start":{"line":109,"column":0},"end":{"line":113,"column":2}}},"fnMap":{"0":{"name":"(anonymous_0)","decl":{"start":{"line":3,"column":2},"end":{"line":3,"column":3}},"loc":{"start":{"line":3,"column":35},"end":{"line":6,"column":3}},"line":3},"1":{"name":"(anonymous_1)","decl":{"start":{"line":7,"column":2},"end":{"line":7,"column":3}},"loc":{"start":{"line":7,"column":21},"end":{"line":9,"column":3}},"line":7},"2":{"name":"(anonymous_2)","decl":{"start":{"line":10,"column":2},"end":{"line":10,"column":3}},"loc":{"start":{"line":10,"column":23},"end":{"line":12,"column":3}},"line":10},"3":{"name":"(anonymous_3)","decl":{"start":{"line":13,"column":2},"end":{"line":13,"column":3}},"loc":{"start":{"line":13,"column":11},"end":{"line":31,"column":3}},"line":13},"4":{"name":"(anonymous_4)","decl":{"start":{"line":14,"column":24},"end":{"line":14,"column":25}},"loc":{"start":{"line":14,"column":44},"end":{"line":30,"column":5}},"line":14},"5":{"name":"(anonymous_5)","decl":{"start":{"line":32,"column":2},"end":{"line":32,"column":3}},"loc":{"start":{"line":32,"column":14},"end":{"line":37,"column":3}},"line":32},"6":{"name":"(anonymous_6)","decl":{"start":{"line":41,"column":2},"end":{"line":41,"column":3}},"loc":{"start":{"line":41,"column":34},"end":{"line":45,"column":3}},"line":41},"7":{"name":"(anonymous_7)","decl":{"start":{"line":46,"column":2},"end":{"line":46,"column":3}},"loc":{"start":{"line":46,"column":15},"end":{"line":48,"column":3}},"line":46},"8":{"name":"(anonymous_8)","decl":{"start":{"line":49,"column":2},"end":{"line":49,"column":3}},"loc":{"start":{"line":49,"column":13},"end":{"line":51,"column":3}},"line":49},"9":{"name":"(anonymous_9)","decl":{"start":{"line":52,"column":2},"end":{"line":52,"column":3}},"loc":{"start":{"line":52,"column":25},"end":{"line":54,"column":3}},"line":52},"10":{"name":"(anonymous_10)","decl":{"start":{"line":55,"column":2},"end":{"line":55,"column":3}},"loc":{"start":{"line":55,"column":23},"end":{"line":57,"column":3}},"line":55},"11":{"name":"(anonymous_11)","decl":{"start":{"line":61,"column":2},"end":{"line":61,"column":3}},"loc":{"start":{"line":61,"column":19},"end":{"line":63,"column":3}},"line":61},"12":{"name":"(anonymous_12)","decl":{"start":{"line":64,"column":2},"end":{"line":64,"column":3}},"loc":{"start":{"line":64,"column":17},"end":{"line":70,"column":3}},"line":64},"13":{"name":"(anonymous_13)","decl":{"start":{"line":71,"column":2},"end":{"line":71,"column":3}},"loc":{"start":{"line":71,"column":15},"end":{"line":73,"column":3}},"line":71}},"branchMap":{"0":{"loc":{"start":{"line":15,"column":6},"end":{"line":29,"column":7}},"type":"if","locations":[{"start":{"line":15,"column":6},"end":{"line":29,"column":7}},{"start":{"line":15,"column":6},"end":{"line":29,"column":7}}],"line":15},"1":{"loc":{"start":{"line":17,"column":8},"end":{"line":19,"column":9}},"type":"if","locations":[{"start":{"line":17,"column":8},"end":{"line":19,"column":9}},{"start":{"line":17,"column":8},"end":{"line":19,"column":9}}],"line":17},"2":{"loc":{"start":{"line":22,"column":8},"end":{"line":28,"column":9}},"type":"if","locations":[{"start":{"line":22,"column":8},"end":{"line":28,"column":9}},{"start":{"line":22,"column":8},"end":{"line":28,"column":9}}],"line":22},"3":{"loc":{"start":{"line":23,"column":10},"end":{"line":27,"column":11}},"type":"if","locations":[{"start":{"line":23,"column":10},"end":{"line":27,"column":11}},{"start":{"line":23,"column":10},"end":{"line":27,"column":11}}],"line":23},"4":{"loc":{"start":{"line":47,"column":11},"end":{"line":47,"column":46}},"type":"cond-expr","locations":[{"start":{"line":47,"column":37},"end":{"line":47,"column":40}},{"start":{"line":47,"column":43},"end":{"line":47,"column":46}}],"line":47},"5":{"loc":{"start":{"line":53,"column":11},"end":{"line":53,"column":50}},"type":"cond-expr","locations":[{"start":{"line":53,"column":38},"end":{"line":53,"column":46}},{"start":{"line":53,"column":49},"end":{"line":53,"column":50}}],"line":53},"6":{"loc":{"start":{"line":65,"column":4},"end":{"line":69,"column":5}},"type":"if","locations":[{"start":{"line":65,"column":4},"end":{"line":69,"column":5}},{"start":{"line":65,"column":4},"end":{"line":69,"column":5}}],"line":65}},"s":{"0":5,"1":5,"2":5,"3":4,"4":3,"5":7,"6":4,"7":4,"8":3,"9":3,"10":1,"11":2,"12":6,"13":6,"14":6,"15":6,"16":9,"17":9,"18":9,"19":9,"20":9,"21":9,"22":9,"23":7,"24":7,"25":1,"26":6,"27":7,"28":1,"29":1,"30":1,"31":1,"32":1,"33":1,"34":1,"35":1,"36":1,"37":1,"38":1,"39":1,"40":1,"41":1,"42":1,"43":1,"44":1,"45":1,"46":1,"47":1,"48":1,"49":1,"50":1,"51":1,"52":1},"f":{"0":5,"1":5,"2":4,"3":3,"4":7,"5":6,"6":9,"7":9,"8":9,"9":9,"10":9,"11":7,"12":7,"13":7},"b":{"0":[4,3],"1":[4,0],"2":[3,0],"3":[1,2],"4":[8,1],"5":[8,1],"6":[1,6]},"_coverageSchema":"332fd63041d2c1bcb487cc26dd0d5f7d97098a6c","hash":"a85326e1d6573028de554f924bb692277746c07d"}
}
