TN:
SF:/Users/Julien/Workspace/camp2_exercises/06_react_redux/01_es6_fundamentals/01_aquarium/01_aquarium.js
FN:3,(anonymous_0)
FN:7,(anonymous_1)
FN:10,(anonymous_2)
FN:13,(anonymous_3)
FN:14,(anonymous_4)
FN:32,(anonymous_5)
FN:41,(anonymous_6)
FN:46,(anonymous_7)
FN:49,(anonymous_8)
FN:52,(anonymous_9)
FN:55,(anonymous_10)
FN:61,(anonymous_11)
FN:64,(anonymous_12)
FN:71,(anonymous_13)
FNF:14
FNH:14
FNDA:5,(anonymous_0)
FNDA:5,(anonymous_1)
FNDA:4,(anonymous_2)
FNDA:3,(anonymous_3)
FNDA:7,(anonymous_4)
FNDA:6,(anonymous_5)
FNDA:9,(anonymous_6)
FNDA:9,(anonymous_7)
FNDA:9,(anonymous_8)
FNDA:9,(anonymous_9)
FNDA:9,(anonymous_10)
FNDA:7,(anonymous_11)
FNDA:7,(anonymous_12)
FNDA:7,(anonymous_13)
DA:4,5
DA:5,5
DA:8,5
DA:11,4
DA:14,3
DA:15,7
DA:17,4
DA:18,4
DA:22,3
DA:23,3
DA:24,1
DA:26,2
DA:33,6
DA:34,6
DA:35,6
DA:36,6
DA:42,9
DA:43,9
DA:44,9
DA:47,9
DA:50,9
DA:53,9
DA:56,9
DA:62,7
DA:65,7
DA:66,1
DA:68,6
DA:72,7
DA:77,1
DA:79,1
DA:80,1
DA:81,1
DA:82,1
DA:83,1
DA:85,1
DA:86,1
DA:87,1
DA:89,1
DA:91,1
DA:92,1
DA:93,1
DA:94,1
DA:95,1
DA:97,1
DA:98,1
DA:99,1
DA:100,1
DA:101,1
DA:103,1
DA:104,1
DA:105,1
DA:106,1
DA:109,1
LF:53
LH:53
BRDA:15,0,0,4
BRDA:15,0,1,3
BRDA:17,1,0,4
BRDA:17,1,1,0
BRDA:22,2,0,3
BRDA:22,2,1,0
BRDA:23,3,0,1
BRDA:23,3,1,2
BRDA:47,4,0,8
BRDA:47,4,1,1
BRDA:53,5,0,8
BRDA:53,5,1,1
BRDA:65,6,0,1
BRDA:65,6,1,6
BRF:14
BRH:12
end_of_record
